# JRE version: OpenJDK Runtime Environment (8.0_242-b01) (build 1.8.0_242-release-1644-b01)
# Java VM: OpenJDK 64-Bit Server VM (25.242-b01 mixed mode windows-amd64 compressed oops)
Heap:
 PSYoungGen      total 219648K, used 212916K [0x00000000d5580000, 0x00000000e6780000, 0x0000000100000000)
  eden space 200192K, 96% used [0x00000000d5580000,0x00000000e1275028,0x00000000e1900000)
  from space 19456K, 99% used [0x00000000e1900000,0x00000000e2bf8010,0x00000000e2c00000)
  to   space 23040K, 0% used [0x00000000e5100000,0x00000000e5100000,0x00000000e6780000)
 ParOldGen       total 218112K, used 35990K [0x0000000080000000, 0x000000008d500000, 0x00000000d5580000)
  object space 218112K, 16% used [0x0000000080000000,0x00000000823258a0,0x000000008d500000)
 Metaspace       used 68145K, capacity 71688K, committed 71960K, reserved 1112064K
  class space    used 9318K, capacity 9989K, committed 10032K, reserved 1048576K
GC Heap History (10 events):
Event: 5.656 GC heap before
{Heap before GC invocations=10 (full 2):
 PSYoungGen      total 117760K, used 105984K [0x00000000d5580000, 0x00000000e1b80000, 0x0000000100000000)
  eden space 105984K, 100% used [0x00000000d5580000,0x00000000dbd00000,0x00000000dbd00000)
  from space 11776K, 0% used [0x00000000dbd00000,0x00000000dbd00000,0x00000000dc880000)
  to   space 11776K, 0% used [0x00000000e1000000,0x00000000e1000000,0x00000000e1b80000)
 ParOldGen       total 143360K, used 14626K [0x0000000080000000, 0x0000000088c00000, 0x00000000d5580000)
  object space 143360K, 10% used [0x0000000080000000,0x0000000080e488f8,0x0000000088c00000)
 Metaspace       used 37789K, capacity 39558K, committed 39720K, reserved 1083392K
  class space    used 5235K, capacity 5601K, committed 5680K, reserved 1048576K
Event: 5.664 GC heap after
Heap after GC invocations=10 (full 2):
 PSYoungGen      total 165888K, used 8119K [0x00000000d5580000, 0x00000000e1800000, 0x0000000100000000)
  eden space 157696K, 0% used [0x00000000d5580000,0x00000000d5580000,0x00000000def80000)
  from space 8192K, 99% used [0x00000000e1000000,0x00000000e17eddd8,0x00000000e1800000)
  to   space 11264K, 0% used [0x00000000e0200000,0x00000000e0200000,0x00000000e0d00000)
 ParOldGen       total 143360K, used 14634K [0x0000000080000000, 0x0000000088c00000, 0x00000000d5580000)
  object space 143360K, 10% used [0x0000000080000000,0x0000000080e4a8f8,0x0000000088c00000)
 Metaspace       used 37789K, capacity 39558K, committed 39720K, reserved 1083392K
  class space    used 5235K, capacity 5601K, committed 5680K, reserved 1048576K
}
Event: 7.469 GC heap before
{Heap before GC invocations=11 (full 2):
 PSYoungGen      total 165888K, used 165815K [0x00000000d5580000, 0x00000000e1800000, 0x0000000100000000)
  eden space 157696K, 100% used [0x00000000d5580000,0x00000000def80000,0x00000000def80000)
  from space 8192K, 99% used [0x00000000e1000000,0x00000000e17eddd8,0x00000000e1800000)
  to   space 11264K, 0% used [0x00000000e0200000,0x00000000e0200000,0x00000000e0d00000)
 ParOldGen       total 143360K, used 14634K [0x0000000080000000, 0x0000000088c00000, 0x00000000d5580000)
  object space 143360K, 10% used [0x0000000080000000,0x0000000080e4a8f8,0x0000000088c00000)
 Metaspace       used 52813K, capacity 55032K, committed 55208K, reserved 1097728K
  class space    used 7120K, capacity 7598K, committed 7600K, reserved 1048576K
Event: 7.492 GC heap after
Heap after GC invocations=11 (full 2):
 PSYoungGen      total 187904K, used 11232K [0x00000000d5580000, 0x00000000e3d80000, 0x0000000100000000)
  eden space 176640K, 0% used [0x00000000d5580000,0x00000000d5580000,0x00000000e0200000)
  from space 11264K, 99% used [0x00000000e0200000,0x00000000e0cf8030,0x00000000e0d00000)
  to   space 17920K, 0% used [0x00000000e2c00000,0x00000000e2c00000,0x00000000e3d80000)
 ParOldGen       total 143360K, used 28393K [0x0000000080000000, 0x0000000088c00000, 0x00000000d5580000)
  object space 143360K, 19% used [0x0000000080000000,0x0000000081bba430,0x0000000088c00000)
 Metaspace       used 52813K, capacity 55032K, committed 55208K, reserved 1097728K
  class space    used 7120K, capacity 7598K, committed 7600K, reserved 1048576K
}
Event: 8.143 GC heap before
{Heap before GC invocations=12 (full 2):
 PSYoungGen      total 187904K, used 55986K [0x00000000d5580000, 0x00000000e3d80000, 0x0000000100000000)
  eden space 176640K, 25% used [0x00000000d5580000,0x00000000d8134908,0x00000000e0200000)
  from space 11264K, 99% used [0x00000000e0200000,0x00000000e0cf8030,0x00000000e0d00000)
  to   space 17920K, 0% used [0x00000000e2c00000,0x00000000e2c00000,0x00000000e3d80000)
 ParOldGen       total 143360K, used 28393K [0x0000000080000000, 0x0000000088c00000, 0x00000000d5580000)
  object space 143360K, 19% used [0x0000000080000000,0x0000000081bba430,0x0000000088c00000)
 Metaspace       used 56703K, capacity 59108K, committed 59160K, reserved 1099776K
  class space    used 7773K, capacity 8229K, committed 8240K, reserved 1048576K
Event: 8.157 GC heap after
Heap after GC invocations=12 (full 2):
 PSYoungGen      total 218112K, used 16264K [0x00000000d5580000, 0x00000000e5900000, 0x0000000100000000)
  eden space 200192K, 0% used [0x00000000d5580000,0x00000000d5580000,0x00000000e1900000)
  from space 17920K, 90% used [0x00000000e2c00000,0x00000000e3be21d0,0x00000000e3d80000)
  to   space 19456K, 0% used [0x00000000e1900000,0x00000000e1900000,0x00000000e2c00000)
 ParOldGen       total 143360K, used 28401K [0x0000000080000000, 0x0000000088c00000, 0x00000000d5580000)
  object space 143360K, 19% used [0x0000000080000000,0x0000000081bbc430,0x0000000088c00000)
 Metaspace       used 56703K, capacity 59108K, committed 59160K, reserved 1099776K
  class space    used 7773K, capacity 8229K, committed 8240K, reserved 1048576K
}
Event: 8.157 GC heap before
{Heap before GC invocations=13 (full 3):
 PSYoungGen      total 218112K, used 16264K [0x00000000d5580000, 0x00000000e5900000, 0x0000000100000000)
  eden space 200192K, 0% used [0x00000000d5580000,0x00000000d5580000,0x00000000e1900000)
  from space 17920K, 90% used [0x00000000e2c00000,0x00000000e3be21d0,0x00000000e3d80000)
  to   space 19456K, 0% used [0x00000000e1900000,0x00000000e1900000,0x00000000e2c00000)
 ParOldGen       total 143360K, used 28401K [0x0000000080000000, 0x0000000088c00000, 0x00000000d5580000)
  object space 143360K, 19% used [0x0000000080000000,0x0000000081bbc430,0x0000000088c00000)
 Metaspace       used 56703K, capacity 59108K, committed 59160K, reserved 1099776K
  class space    used 7773K, capacity 8229K, committed 8240K, reserved 1048576K
Event: 8.423 GC heap after
Heap after GC invocations=13 (full 3):
 PSYoungGen      total 218112K, used 0K [0x00000000d5580000, 0x00000000e5900000, 0x0000000100000000)
  eden space 200192K, 0% used [0x00000000d5580000,0x00000000d5580000,0x00000000e1900000)
  from space 17920K, 0% used [0x00000000e2c00000,0x00000000e2c00000,0x00000000e3d80000)
  to   space 19456K, 0% used [0x00000000e1900000,0x00000000e1900000,0x00000000e2c00000)
 ParOldGen       total 218112K, used 31924K [0x0000000080000000, 0x000000008d500000, 0x00000000d5580000)
  object space 218112K, 14% used [0x0000000080000000,0x0000000081f2d0f0,0x000000008d500000)
 Metaspace       used 56646K, capacity 58916K, committed 59160K, reserved 1099776K
  class space    used 7756K, capacity 8197K, committed 8240K, reserved 1048576K
}
Event: 10.863 GC heap before
{Heap before GC invocations=14 (full 3):
 PSYoungGen      total 218112K, used 200192K [0x00000000d5580000, 0x00000000e5900000, 0x0000000100000000)
  eden space 200192K, 100% used [0x00000000d5580000,0x00000000e1900000,0x00000000e1900000)
  from space 17920K, 0% used [0x00000000e2c00000,0x00000000e2c00000,0x00000000e3d80000)
  to   space 19456K, 0% used [0x00000000e1900000,0x00000000e1900000,0x00000000e2c00000)
 ParOldGen       total 218112K, used 31924K [0x0000000080000000, 0x000000008d500000, 0x00000000d5580000)
  object space 218112K, 14% used [0x0000000080000000,0x0000000081f2d0f0,0x000000008d500000)
 Metaspace       used 64483K, capacity 67866K, committed 67992K, reserved 1107968K
  class space    used 8949K, capacity 9580K, committed 9648K, reserved 1048576K
Event: 10.879 GC heap after
Heap after GC invocations=14 (full 3):
 PSYoungGen      total 219648K, used 19424K [0x00000000d5580000, 0x00000000e6780000, 0x0000000100000000)
  eden space 200192K, 0% used [0x00000000d5580000,0x00000000d5580000,0x00000000e1900000)
  from space 19456K, 99% used [0x00000000e1900000,0x00000000e2bf8010,0x00000000e2c00000)
  to   space 23040K, 0% used [0x00000000e5100000,0x00000000e5100000,0x00000000e6780000)
 ParOldGen       total 218112K, used 35990K [0x0000000080000000, 0x000000008d500000, 0x00000000d5580000)
  object space 218112K, 16% used [0x0000000080000000,0x00000000823258a0,0x000000008d500000)
 Metaspace       used 64483K, capacity 67866K, committed 67992K, reserved 1107968K
  class space    used 8949K, capacity 9580K, committed 9648K, reserved 1048576K
}

