# JRE version: OpenJDK Runtime Environment (8.0_242-b01) (build 1.8.0_242-release-1644-b01)
# Java VM: OpenJDK 64-Bit Server VM (25.242-b01 mixed mode windows-amd64 compressed oops)
Heap:
 PSYoungGen      total 252928K, used 32549K [0x00000000d5580000, 0x00000000e6d80000, 0x0000000100000000)
  eden space 230912K, 4% used [0x00000000d5580000,0x00000000d6003b48,0x00000000e3700000)
  from space 22016K, 99% used [0x00000000e5180000,0x00000000e66ffff8,0x00000000e6700000)
  to   space 27136K, 0% used [0x00000000e3700000,0x00000000e3700000,0x00000000e5180000)
 ParOldGen       total 210944K, used 134342K [0x0000000080000000, 0x000000008ce00000, 0x00000000d5580000)
  object space 210944K, 63% used [0x0000000080000000,0x0000000088331b68,0x000000008ce00000)
 Metaspace       used 92536K, capacity 97363K, committed 97496K, reserved 1134592K
  class space    used 12297K, capacity 13297K, committed 13312K, reserved 1048576K
GC Heap History (10 events):
Event: 9.433 GC heap before
{Heap before GC invocations=12 (full 2):
 PSYoungGen      total 188928K, used 68183K [0x00000000d5580000, 0x00000000e3d80000, 0x0000000100000000)
  eden space 176640K, 31% used [0x00000000d5580000,0x00000000d8c1a580,0x00000000e0200000)
  from space 12288K, 99% used [0x00000000e0200000,0x00000000e0dfb710,0x00000000e0e00000)
  to   space 18432K, 0% used [0x00000000e2b80000,0x00000000e2b80000,0x00000000e3d80000)
 ParOldGen       total 139776K, used 26259K [0x0000000080000000, 0x0000000088880000, 0x00000000d5580000)
  object space 139776K, 18% used [0x0000000080000000,0x00000000819a4d18,0x0000000088880000)
 Metaspace       used 56363K, capacity 58925K, committed 59028K, reserved 1099776K
  class space    used 7465K, capacity 7936K, committed 7936K, reserved 1048576K
Event: 9.451 GC heap after
Heap after GC invocations=12 (full 2):
 PSYoungGen      total 217088K, used 17914K [0x00000000d5580000, 0x00000000e5b00000, 0x0000000100000000)
  eden space 198656K, 0% used [0x00000000d5580000,0x00000000d5580000,0x00000000e1780000)
  from space 18432K, 97% used [0x00000000e2b80000,0x00000000e3cfe860,0x00000000e3d80000)
  to   space 20480K, 0% used [0x00000000e1780000,0x00000000e1780000,0x00000000e2b80000)
 ParOldGen       total 139776K, used 26331K [0x0000000080000000, 0x0000000088880000, 0x00000000d5580000)
  object space 139776K, 18% used [0x0000000080000000,0x00000000819b6d28,0x0000000088880000)
 Metaspace       used 56363K, capacity 58925K, committed 59028K, reserved 1099776K
  class space    used 7465K, capacity 7936K, committed 7936K, reserved 1048576K
}
Event: 9.451 GC heap before
{Heap before GC invocations=13 (full 3):
 PSYoungGen      total 217088K, used 17914K [0x00000000d5580000, 0x00000000e5b00000, 0x0000000100000000)
  eden space 198656K, 0% used [0x00000000d5580000,0x00000000d5580000,0x00000000e1780000)
  from space 18432K, 97% used [0x00000000e2b80000,0x00000000e3cfe860,0x00000000e3d80000)
  to   space 20480K, 0% used [0x00000000e1780000,0x00000000e1780000,0x00000000e2b80000)
 ParOldGen       total 139776K, used 26331K [0x0000000080000000, 0x0000000088880000, 0x00000000d5580000)
  object space 139776K, 18% used [0x0000000080000000,0x00000000819b6d28,0x0000000088880000)
 Metaspace       used 56363K, capacity 58925K, committed 59028K, reserved 1099776K
  class space    used 7465K, capacity 7936K, committed 7936K, reserved 1048576K
Event: 9.703 GC heap after
Heap after GC invocations=13 (full 3):
 PSYoungGen      total 217088K, used 0K [0x00000000d5580000, 0x00000000e5b00000, 0x0000000100000000)
  eden space 198656K, 0% used [0x00000000d5580000,0x00000000d5580000,0x00000000e1780000)
  from space 18432K, 0% used [0x00000000e2b80000,0x00000000e2b80000,0x00000000e3d80000)
  to   space 20480K, 0% used [0x00000000e1780000,0x00000000e1780000,0x00000000e2b80000)
 ParOldGen       total 210944K, used 32531K [0x0000000080000000, 0x000000008ce00000, 0x00000000d5580000)
  object space 210944K, 15% used [0x0000000080000000,0x0000000081fc4f58,0x000000008ce00000)
 Metaspace       used 56269K, capacity 58633K, committed 59028K, reserved 1099776K
  class space    used 7437K, capacity 7892K, committed 7936K, reserved 1048576K
}
Event: 12.423 GC heap before
{Heap before GC invocations=14 (full 3):
 PSYoungGen      total 217088K, used 198656K [0x00000000d5580000, 0x00000000e5b00000, 0x0000000100000000)
  eden space 198656K, 100% used [0x00000000d5580000,0x00000000e1780000,0x00000000e1780000)
  from space 18432K, 0% used [0x00000000e2b80000,0x00000000e2b80000,0x00000000e3d80000)
  to   space 20480K, 0% used [0x00000000e1780000,0x00000000e1780000,0x00000000e2b80000)
 ParOldGen       total 210944K, used 32531K [0x0000000080000000, 0x000000008ce00000, 0x00000000d5580000)
  object space 210944K, 15% used [0x0000000080000000,0x0000000081fc4f58,0x000000008ce00000)
 Metaspace       used 68128K, capacity 71139K, committed 71384K, reserved 1110016K
  class space    used 9295K, capacity 9918K, committed 9984K, reserved 1048576K
Event: 12.448 GC heap after
Heap after GC invocations=14 (full 3):
 PSYoungGen      total 219136K, used 17518K [0x00000000d5580000, 0x00000000e6700000, 0x0000000100000000)
  eden space 198656K, 0% used [0x00000000d5580000,0x00000000d5580000,0x00000000e1780000)
  from space 20480K, 85% used [0x00000000e1780000,0x00000000e289b888,0x00000000e2b80000)
  to   space 22016K, 0% used [0x00000000e5180000,0x00000000e5180000,0x00000000e6700000)
 ParOldGen       total 210944K, used 32539K [0x0000000080000000, 0x000000008ce00000, 0x00000000d5580000)
  object space 210944K, 15% used [0x0000000080000000,0x0000000081fc6f58,0x000000008ce00000)
 Metaspace       used 68128K, capacity 71139K, committed 71384K, reserved 1110016K
  class space    used 9295K, capacity 9918K, committed 9984K, reserved 1048576K
}
Event: 15.652 GC heap before
{Heap before GC invocations=15 (full 3):
 PSYoungGen      total 219136K, used 216174K [0x00000000d5580000, 0x00000000e6700000, 0x0000000100000000)
  eden space 198656K, 100% used [0x00000000d5580000,0x00000000e1780000,0x00000000e1780000)
  from space 20480K, 85% used [0x00000000e1780000,0x00000000e289b888,0x00000000e2b80000)
  to   space 22016K, 0% used [0x00000000e5180000,0x00000000e5180000,0x00000000e6700000)
 ParOldGen       total 210944K, used 32539K [0x0000000080000000, 0x000000008ce00000, 0x00000000d5580000)
  object space 210944K, 15% used [0x0000000080000000,0x0000000081fc6f58,0x000000008ce00000)
 Metaspace       used 81632K, capacity 85903K, committed 86232K, reserved 1124352K
  class space    used 11042K, capacity 11935K, committed 12032K, reserved 1048576K
Event: 15.675 GC heap after
Heap after GC invocations=15 (full 3):
 PSYoungGen      total 252928K, used 21995K [0x00000000d5580000, 0x00000000e6d80000, 0x0000000100000000)
  eden space 230912K, 0% used [0x00000000d5580000,0x00000000d5580000,0x00000000e3700000)
  from space 22016K, 99% used [0x00000000e5180000,0x00000000e66fad90,0x00000000e6700000)
  to   space 27136K, 0% used [0x00000000e3700000,0x00000000e3700000,0x00000000e5180000)
 ParOldGen       total 210944K, used 39454K [0x0000000080000000, 0x000000008ce00000, 0x00000000d5580000)
  object space 210944K, 18% used [0x0000000080000000,0x00000000826878b8,0x000000008ce00000)
 Metaspace       used 81632K, capacity 85903K, committed 86232K, reserved 1124352K
  class space    used 11042K, capacity 11935K, committed 12032K, reserved 1048576K
}
Event: 112.462 GC heap before
{Heap before GC invocations=16 (full 3):
 PSYoungGen      total 252928K, used 252907K [0x00000000d5580000, 0x00000000e6d80000, 0x0000000100000000)
  eden space 230912K, 100% used [0x00000000d5580000,0x00000000e3700000,0x00000000e3700000)
  from space 22016K, 99% used [0x00000000e5180000,0x00000000e66fad90,0x00000000e6700000)
  to   space 27136K, 0% used [0x00000000e3700000,0x00000000e3700000,0x00000000e5180000)
 ParOldGen       total 210944K, used 39454K [0x0000000080000000, 0x000000008ce00000, 0x00000000d5580000)
  object space 210944K, 18% used [0x0000000080000000,0x00000000826878b8,0x000000008ce00000)
 Metaspace       used 86745K, capacity 91367K, committed 91608K, reserved 1128448K
  class space    used 11580K, capacity 12535K, committed 12544K, reserved 1048576K
Event: 112.503 GC heap after
Heap after GC invocations=16 (full 3):
 PSYoungGen      total 258048K, used 27119K [0x00000000d5580000, 0x00000000e6d80000, 0x0000000100000000)
  eden space 230912K, 0% used [0x00000000d5580000,0x00000000d5580000,0x00000000e3700000)
  from space 27136K, 99% used [0x00000000e3700000,0x00000000e517be78,0x00000000e5180000)
  to   space 22016K, 0% used [0x00000000e5180000,0x00000000e5180000,0x00000000e6700000)
 ParOldGen       total 210944K, used 119824K [0x0000000080000000, 0x000000008ce00000, 0x00000000d5580000)
  object space 210944K, 56% used [0x0000000080000000,0x00000000875043c0,0x000000008ce00000)
 Metaspace       used 86745K, capacity 91367K, committed 91608K, reserved 1128448K
  class space    used 11580K, capacity 12535K, committed 12544K, reserved 1048576K
}

