# JRE version: OpenJDK Runtime Environment (8.0_242-b01) (build 1.8.0_242-release-1644-b01)
# Java VM: OpenJDK 64-Bit Server VM (25.242-b01 mixed mode windows-amd64 compressed oops)
Heap:
 PSYoungGen      total 236032K, used 46825K [0x00000000d5580000, 0x00000000e6000000, 0x0000000100000000)
  eden space 214016K, 11% used [0x00000000d5580000,0x00000000d6dbef38,0x00000000e2680000)
  from space 22016K, 99% used [0x00000000e4100000,0x00000000e567b5b0,0x00000000e5680000)
  to   space 27136K, 0% used [0x00000000e2680000,0x00000000e2680000,0x00000000e4100000)
 ParOldGen       total 227840K, used 39228K [0x0000000080000000, 0x000000008de80000, 0x00000000d5580000)
  object space 227840K, 17% used [0x0000000080000000,0x000000008264f1d0,0x000000008de80000)
 Metaspace       used 68233K, capacity 71910K, committed 71960K, reserved 1112064K
  class space    used 9346K, capacity 10010K, committed 10032K, reserved 1048576K
GC Heap History (10 events):
Event: 6.466 GC heap before
{Heap before GC invocations=11 (full 2):
 PSYoungGen      total 159232K, used 158913K [0x00000000d5580000, 0x00000000e0e00000, 0x0000000100000000)
  eden space 151040K, 100% used [0x00000000d5580000,0x00000000de900000,0x00000000de900000)
  from space 8192K, 96% used [0x00000000e0600000,0x00000000e0db0748,0x00000000e0e00000)
  to   space 11264K, 0% used [0x00000000df800000,0x00000000df800000,0x00000000e0300000)
 ParOldGen       total 148992K, used 14604K [0x0000000080000000, 0x0000000089180000, 0x00000000d5580000)
  object space 148992K, 9% used [0x0000000080000000,0x0000000080e43320,0x0000000089180000)
 Metaspace       used 52073K, capacity 54210K, committed 54312K, reserved 1095680K
  class space    used 6978K, capacity 7401K, committed 7472K, reserved 1048576K
Event: 6.484 GC heap after
Heap after GC invocations=11 (full 2):
 PSYoungGen      total 177664K, used 11260K [0x00000000d5580000, 0x00000000e3100000, 0x0000000100000000)
  eden space 166400K, 0% used [0x00000000d5580000,0x00000000d5580000,0x00000000df800000)
  from space 11264K, 99% used [0x00000000df800000,0x00000000e02ff320,0x00000000e0300000)
  to   space 17408K, 0% used [0x00000000e2000000,0x00000000e2000000,0x00000000e3100000)
 ParOldGen       total 148992K, used 27603K [0x0000000080000000, 0x0000000089180000, 0x00000000d5580000)
  object space 148992K, 18% used [0x0000000080000000,0x0000000081af4dc0,0x0000000089180000)
 Metaspace       used 52073K, capacity 54210K, committed 54312K, reserved 1095680K
  class space    used 6978K, capacity 7401K, committed 7472K, reserved 1048576K
}
Event: 7.147 GC heap before
{Heap before GC invocations=12 (full 2):
 PSYoungGen      total 177664K, used 65245K [0x00000000d5580000, 0x00000000e3100000, 0x0000000100000000)
  eden space 166400K, 32% used [0x00000000d5580000,0x00000000d8a381c8,0x00000000df800000)
  from space 11264K, 99% used [0x00000000df800000,0x00000000e02ff320,0x00000000e0300000)
  to   space 17408K, 0% used [0x00000000e2000000,0x00000000e2000000,0x00000000e3100000)
 ParOldGen       total 148992K, used 27603K [0x0000000080000000, 0x0000000089180000, 0x00000000d5580000)
  object space 148992K, 18% used [0x0000000080000000,0x0000000081af4dc0,0x0000000089180000)
 Metaspace       used 56668K, capacity 59096K, committed 59160K, reserved 1099776K
  class space    used 7771K, capacity 8227K, committed 8240K, reserved 1048576K
Event: 7.160 GC heap after
Heap after GC invocations=12 (full 2):
 PSYoungGen      total 205312K, used 17095K [0x00000000d5580000, 0x00000000e4900000, 0x0000000100000000)
  eden space 187904K, 0% used [0x00000000d5580000,0x00000000d5580000,0x00000000e0d00000)
  from space 17408K, 98% used [0x00000000e2000000,0x00000000e30b1dc8,0x00000000e3100000)
  to   space 19456K, 0% used [0x00000000e0d00000,0x00000000e0d00000,0x00000000e2000000)
 ParOldGen       total 148992K, used 27611K [0x0000000080000000, 0x0000000089180000, 0x00000000d5580000)
  object space 148992K, 18% used [0x0000000080000000,0x0000000081af6dc0,0x0000000089180000)
 Metaspace       used 56668K, capacity 59096K, committed 59160K, reserved 1099776K
  class space    used 7771K, capacity 8227K, committed 8240K, reserved 1048576K
}
Event: 7.160 GC heap before
{Heap before GC invocations=13 (full 3):
 PSYoungGen      total 205312K, used 17095K [0x00000000d5580000, 0x00000000e4900000, 0x0000000100000000)
  eden space 187904K, 0% used [0x00000000d5580000,0x00000000d5580000,0x00000000e0d00000)
  from space 17408K, 98% used [0x00000000e2000000,0x00000000e30b1dc8,0x00000000e3100000)
  to   space 19456K, 0% used [0x00000000e0d00000,0x00000000e0d00000,0x00000000e2000000)
 ParOldGen       total 148992K, used 27611K [0x0000000080000000, 0x0000000089180000, 0x00000000d5580000)
  object space 148992K, 18% used [0x0000000080000000,0x0000000081af6dc0,0x0000000089180000)
 Metaspace       used 56668K, capacity 59096K, committed 59160K, reserved 1099776K
  class space    used 7771K, capacity 8227K, committed 8240K, reserved 1048576K
Event: 7.380 GC heap after
Heap after GC invocations=13 (full 3):
 PSYoungGen      total 205312K, used 0K [0x00000000d5580000, 0x00000000e4900000, 0x0000000100000000)
  eden space 187904K, 0% used [0x00000000d5580000,0x00000000d5580000,0x00000000e0d00000)
  from space 17408K, 0% used [0x00000000e2000000,0x00000000e2000000,0x00000000e3100000)
  to   space 19456K, 0% used [0x00000000e0d00000,0x00000000e0d00000,0x00000000e2000000)
 ParOldGen       total 227840K, used 32444K [0x0000000080000000, 0x000000008de80000, 0x00000000d5580000)
  object space 227840K, 14% used [0x0000000080000000,0x0000000081faf0f8,0x000000008de80000)
 Metaspace       used 56614K, capacity 58916K, committed 59160K, reserved 1099776K
  class space    used 7755K, capacity 8197K, committed 8240K, reserved 1048576K
}
Event: 9.717 GC heap before
{Heap before GC invocations=14 (full 3):
 PSYoungGen      total 205312K, used 187904K [0x00000000d5580000, 0x00000000e4900000, 0x0000000100000000)
  eden space 187904K, 100% used [0x00000000d5580000,0x00000000e0d00000,0x00000000e0d00000)
  from space 17408K, 0% used [0x00000000e2000000,0x00000000e2000000,0x00000000e3100000)
  to   space 19456K, 0% used [0x00000000e0d00000,0x00000000e0d00000,0x00000000e2000000)
 ParOldGen       total 227840K, used 32444K [0x0000000080000000, 0x000000008de80000, 0x00000000d5580000)
  object space 227840K, 14% used [0x0000000080000000,0x0000000081faf0f8,0x000000008de80000)
 Metaspace       used 64517K, capacity 68060K, committed 68248K, reserved 1107968K
  class space    used 8976K, capacity 9633K, committed 9648K, reserved 1048576K
Event: 9.735 GC heap after
Heap after GC invocations=14 (full 3):
 PSYoungGen      total 207360K, used 19426K [0x00000000d5580000, 0x00000000e5680000, 0x0000000100000000)
  eden space 187904K, 0% used [0x00000000d5580000,0x00000000d5580000,0x00000000e0d00000)
  from space 19456K, 99% used [0x00000000e0d00000,0x00000000e1ff8b28,0x00000000e2000000)
  to   space 22016K, 0% used [0x00000000e4100000,0x00000000e4100000,0x00000000e5680000)
 ParOldGen       total 227840K, used 33021K [0x0000000080000000, 0x000000008de80000, 0x00000000d5580000)
  object space 227840K, 14% used [0x0000000080000000,0x000000008203f748,0x000000008de80000)
 Metaspace       used 64517K, capacity 68060K, committed 68248K, reserved 1107968K
  class space    used 8976K, capacity 9633K, committed 9648K, reserved 1048576K
}
Event: 11.277 GC heap before
{Heap before GC invocations=15 (full 3):
 PSYoungGen      total 207360K, used 207330K [0x00000000d5580000, 0x00000000e5680000, 0x0000000100000000)
  eden space 187904K, 100% used [0x00000000d5580000,0x00000000e0d00000,0x00000000e0d00000)
  from space 19456K, 99% used [0x00000000e0d00000,0x00000000e1ff8b28,0x00000000e2000000)
  to   space 22016K, 0% used [0x00000000e4100000,0x00000000e4100000,0x00000000e5680000)
 ParOldGen       total 227840K, used 33021K [0x0000000080000000, 0x000000008de80000, 0x00000000d5580000)
  object space 227840K, 14% used [0x0000000080000000,0x000000008203f748,0x000000008de80000)
 Metaspace       used 67990K, capacity 71700K, committed 71960K, reserved 1112064K
  class space    used 9329K, capacity 10007K, committed 10032K, reserved 1048576K
Event: 11.296 GC heap after
Heap after GC invocations=15 (full 3):
 PSYoungGen      total 236032K, used 21997K [0x00000000d5580000, 0x00000000e6000000, 0x0000000100000000)
  eden space 214016K, 0% used [0x00000000d5580000,0x00000000d5580000,0x00000000e2680000)
  from space 22016K, 99% used [0x00000000e4100000,0x00000000e567b5b0,0x00000000e5680000)
  to   space 27136K, 0% used [0x00000000e2680000,0x00000000e2680000,0x00000000e4100000)
 ParOldGen       total 227840K, used 39228K [0x0000000080000000, 0x000000008de80000, 0x00000000d5580000)
  object space 227840K, 17% used [0x0000000080000000,0x000000008264f1d0,0x000000008de80000)
 Metaspace       used 67990K, capacity 71700K, committed 71960K, reserved 1112064K
  class space    used 9329K, capacity 10007K, committed 10032K, reserved 1048576K
}

