# JRE version: OpenJDK Runtime Environment (8.0_242-b01) (build 1.8.0_242-release-1644-b01)
# Java VM: OpenJDK 64-Bit Server VM (25.242-b01 mixed mode windows-amd64 compressed oops)
Heap:
 PSYoungGen      total 169472K, used 47176K [0x00000000d5580000, 0x00000000e1e00000, 0x0000000100000000)
  eden space 160256K, 29% used [0x00000000d5580000,0x00000000d83920f0,0x00000000df200000)
  from space 9216K, 0% used [0x00000000e1500000,0x00000000e1500000,0x00000000e1e00000)
  to   space 12288K, 0% used [0x00000000e0600000,0x00000000e0600000,0x00000000e1200000)
 ParOldGen       total 136704K, used 31989K [0x0000000080000000, 0x0000000088580000, 0x00000000d5580000)
  object space 136704K, 23% used [0x0000000080000000,0x0000000081f3d798,0x0000000088580000)
 Metaspace       used 59976K, capacity 62480K, committed 62808K, reserved 1103872K
  class space    used 8100K, capacity 8565K, committed 8576K, reserved 1048576K
GC Heap History (10 events):
Event: 4.420 GC heap before
{Heap before GC invocations=9 (full 2):
 PSYoungGen      total 122368K, used 8698K [0x00000000d5580000, 0x00000000e2180000, 0x0000000100000000)
  eden space 109056K, 0% used [0x00000000d5580000,0x00000000d5580000,0x00000000dc000000)
  from space 13312K, 65% used [0x00000000dc000000,0x00000000dc87e8d8,0x00000000dcd00000)
  to   space 12800K, 0% used [0x00000000e1500000,0x00000000e1500000,0x00000000e2180000)
 ParOldGen       total 89600K, used 6930K [0x0000000080000000, 0x0000000085780000, 0x00000000d5580000)
  object space 89600K, 7% used [0x0000000080000000,0x00000000806c49a0,0x0000000085780000)
 Metaspace       used 33870K, capacity 35280K, committed 35416K, reserved 1079296K
  class space    used 4584K, capacity 4913K, committed 4992K, reserved 1048576K
Event: 4.467 GC heap after
Heap after GC invocations=9 (full 2):
 PSYoungGen      total 122368K, used 0K [0x00000000d5580000, 0x00000000e2180000, 0x0000000100000000)
  eden space 109056K, 0% used [0x00000000d5580000,0x00000000d5580000,0x00000000dc000000)
  from space 13312K, 0% used [0x00000000dc000000,0x00000000dc000000,0x00000000dcd00000)
  to   space 12800K, 0% used [0x00000000e1500000,0x00000000e1500000,0x00000000e2180000)
 ParOldGen       total 136704K, used 15037K [0x0000000080000000, 0x0000000088580000, 0x00000000d5580000)
  object space 136704K, 11% used [0x0000000080000000,0x0000000080eaf720,0x0000000088580000)
 Metaspace       used 33870K, capacity 35280K, committed 35416K, reserved 1079296K
  class space    used 4584K, capacity 4913K, committed 4992K, reserved 1048576K
}
Event: 5.556 GC heap before
{Heap before GC invocations=10 (full 2):
 PSYoungGen      total 122368K, used 109056K [0x00000000d5580000, 0x00000000e2180000, 0x0000000100000000)
  eden space 109056K, 100% used [0x00000000d5580000,0x00000000dc000000,0x00000000dc000000)
  from space 13312K, 0% used [0x00000000dc000000,0x00000000dc000000,0x00000000dcd00000)
  to   space 12800K, 0% used [0x00000000e1500000,0x00000000e1500000,0x00000000e2180000)
 ParOldGen       total 136704K, used 15037K [0x0000000080000000, 0x0000000088580000, 0x00000000d5580000)
  object space 136704K, 11% used [0x0000000080000000,0x0000000080eaf720,0x0000000088580000)
 Metaspace       used 38589K, capacity 40672K, committed 40792K, reserved 1085440K
  class space    used 5330K, capacity 5739K, committed 5760K, reserved 1048576K
Event: 5.562 GC heap after
Heap after GC invocations=10 (full 2):
 PSYoungGen      total 169472K, used 8939K [0x00000000d5580000, 0x00000000e1e00000, 0x0000000100000000)
  eden space 160256K, 0% used [0x00000000d5580000,0x00000000d5580000,0x00000000df200000)
  from space 9216K, 96% used [0x00000000e1500000,0x00000000e1dbad18,0x00000000e1e00000)
  to   space 12288K, 0% used [0x00000000e0600000,0x00000000e0600000,0x00000000e1200000)
 ParOldGen       total 136704K, used 15045K [0x0000000080000000, 0x0000000088580000, 0x00000000d5580000)
  object space 136704K, 11% used [0x0000000080000000,0x0000000080eb1720,0x0000000088580000)
 Metaspace       used 38589K, capacity 40672K, committed 40792K, reserved 1085440K
  class space    used 5330K, capacity 5739K, committed 5760K, reserved 1048576K
}
Event: 7.460 GC heap before
{Heap before GC invocations=11 (full 2):
 PSYoungGen      total 169472K, used 169195K [0x00000000d5580000, 0x00000000e1e00000, 0x0000000100000000)
  eden space 160256K, 100% used [0x00000000d5580000,0x00000000df200000,0x00000000df200000)
  from space 9216K, 96% used [0x00000000e1500000,0x00000000e1dbad18,0x00000000e1e00000)
  to   space 12288K, 0% used [0x00000000e0600000,0x00000000e0600000,0x00000000e1200000)
 ParOldGen       total 136704K, used 15045K [0x0000000080000000, 0x0000000088580000, 0x00000000d5580000)
  object space 136704K, 11% used [0x0000000080000000,0x0000000080eb1720,0x0000000088580000)
 Metaspace       used 52691K, capacity 55086K, committed 55384K, reserved 1097728K
  class space    used 7014K, capacity 7447K, committed 7552K, reserved 1048576K
Event: 7.481 GC heap after
Heap after GC invocations=11 (full 2):
 PSYoungGen      total 172544K, used 12256K [0x00000000d5580000, 0x00000000e1e00000, 0x0000000100000000)
  eden space 160256K, 0% used [0x00000000d5580000,0x00000000d5580000,0x00000000df200000)
  from space 12288K, 99% used [0x00000000e0600000,0x00000000e11f83c0,0x00000000e1200000)
  to   space 9216K, 0% used [0x00000000e1500000,0x00000000e1500000,0x00000000e1e00000)
 ParOldGen       total 136704K, used 27011K [0x0000000080000000, 0x0000000088580000, 0x00000000d5580000)
  object space 136704K, 19% used [0x0000000080000000,0x0000000081a60fc0,0x0000000088580000)
 Metaspace       used 52691K, capacity 55086K, committed 55384K, reserved 1097728K
  class space    used 7014K, capacity 7447K, committed 7552K, reserved 1048576K
}
Event: 8.036 GC heap before
{Heap before GC invocations=12 (full 2):
 PSYoungGen      total 172544K, used 60361K [0x00000000d5580000, 0x00000000e1e00000, 0x0000000100000000)
  eden space 160256K, 30% used [0x00000000d5580000,0x00000000d847a2c8,0x00000000df200000)
  from space 12288K, 99% used [0x00000000e0600000,0x00000000e11f83c0,0x00000000e1200000)
  to   space 9216K, 0% used [0x00000000e1500000,0x00000000e1500000,0x00000000e1e00000)
 ParOldGen       total 136704K, used 27011K [0x0000000080000000, 0x0000000088580000, 0x00000000d5580000)
  object space 136704K, 19% used [0x0000000080000000,0x0000000081a60fc0,0x0000000088580000)
 Metaspace       used 56173K, capacity 58782K, committed 58968K, reserved 1099776K
  class space    used 7451K, capacity 7945K, committed 8064K, reserved 1048576K
Event: 8.047 GC heap after
Heap after GC invocations=12 (full 2):
 PSYoungGen      total 169472K, used 9188K [0x00000000d5580000, 0x00000000e1e00000, 0x0000000100000000)
  eden space 160256K, 0% used [0x00000000d5580000,0x00000000d5580000,0x00000000df200000)
  from space 9216K, 99% used [0x00000000e1500000,0x00000000e1df9310,0x00000000e1e00000)
  to   space 12288K, 0% used [0x00000000e0600000,0x00000000e0600000,0x00000000e1200000)
 ParOldGen       total 136704K, used 34570K [0x0000000080000000, 0x0000000088580000, 0x00000000d5580000)
  object space 136704K, 25% used [0x0000000080000000,0x00000000821c2b40,0x0000000088580000)
 Metaspace       used 56173K, capacity 58782K, committed 58968K, reserved 1099776K
  class space    used 7451K, capacity 7945K, committed 8064K, reserved 1048576K
}
Event: 8.047 GC heap before
{Heap before GC invocations=13 (full 3):
 PSYoungGen      total 169472K, used 9188K [0x00000000d5580000, 0x00000000e1e00000, 0x0000000100000000)
  eden space 160256K, 0% used [0x00000000d5580000,0x00000000d5580000,0x00000000df200000)
  from space 9216K, 99% used [0x00000000e1500000,0x00000000e1df9310,0x00000000e1e00000)
  to   space 12288K, 0% used [0x00000000e0600000,0x00000000e0600000,0x00000000e1200000)
 ParOldGen       total 136704K, used 34570K [0x0000000080000000, 0x0000000088580000, 0x00000000d5580000)
  object space 136704K, 25% used [0x0000000080000000,0x00000000821c2b40,0x0000000088580000)
 Metaspace       used 56173K, capacity 58782K, committed 58968K, reserved 1099776K
  class space    used 7451K, capacity 7945K, committed 8064K, reserved 1048576K
Event: 8.324 GC heap after
Heap after GC invocations=13 (full 3):
 PSYoungGen      total 169472K, used 0K [0x00000000d5580000, 0x00000000e1e00000, 0x0000000100000000)
  eden space 160256K, 0% used [0x00000000d5580000,0x00000000d5580000,0x00000000df200000)
  from space 9216K, 0% used [0x00000000e1500000,0x00000000e1500000,0x00000000e1e00000)
  to   space 12288K, 0% used [0x00000000e0600000,0x00000000e0600000,0x00000000e1200000)
 ParOldGen       total 136704K, used 31989K [0x0000000080000000, 0x0000000088580000, 0x00000000d5580000)
  object space 136704K, 23% used [0x0000000080000000,0x0000000081f3d798,0x0000000088580000)
 Metaspace       used 56065K, capacity 58436K, committed 58968K, reserved 1099776K
  class space    used 7418K, capacity 7892K, committed 8064K, reserved 1048576K
}

